This file contains any messages produced by compilers while
running configure, to aid debugging if configure makes a mistake.

It was created by configure, which was
generated by GNU Autoconf 2.69.  Invocation command line was

  $ ./configure 

## --------- ##
## Platform. ##
## --------- ##

hostname = ip-172-31-80-36.ec2.internal
uname -m = x86_64
uname -r = 6.1.27-43.48.amzn2023.x86_64
uname -s = Linux
uname -v = #1 SMP PREEMPT_DYNAMIC Tue May  2 04:53:36 UTC 2023

/usr/bin/uname -p = x86_64
/bin/uname -X     = unknown

/bin/arch              = x86_64
/usr/bin/arch -k       = unknown
/usr/convex/getsysinfo = unknown
/usr/bin/hostinfo      = unknown
/bin/machine           = unknown
/usr/bin/oslevel       = unknown
/bin/universe          = unknown

PATH: /usr/local/sbin
PATH: /usr/local/bin
PATH: /usr/sbin
PATH: /usr/bin
PATH: /sbin
PATH: /bin
PATH: /var/lib/snapd/snap/bin


## ----------- ##
## Core tests. ##
## ----------- ##

configure:2141: checking for grep that handles long lines and -e
configure:2199: result: /usr/bin/grep
configure:2204: checking for egrep
configure:2266: result: /usr/bin/grep -E
configure:2271: checking for a sed that does not truncate output
configure:2335: result: /usr/bin/sed
configure:2474: checking for pkg-config
configure:2492: found /usr/bin/pkg-config
configure:2504: result: /usr/bin/pkg-config
configure:2529: checking pkg-config is at least version 0.9.0
configure:2532: result: yes
configure:2594: checking for cc
configure:2610: found /usr/bin/cc
configure:2621: result: cc
configure:2652: checking for C compiler version
configure:2661: cc --version >&5
cc (GCC) 11.3.1 20221121 (Red Hat 11.3.1-4)
Copyright (C) 2021 Free Software Foundation, Inc.
This is free software; see the source for copying conditions.  There is NO
warranty; not even for MERCHANTABILITY or FITNESS FOR A PARTICULAR PURPOSE.

configure:2672: $? = 0
configure:2661: cc -v >&5
Using built-in specs.
COLLECT_GCC=cc
COLLECT_LTO_WRAPPER=/usr/libexec/gcc/x86_64-amazon-linux/11/lto-wrapper
OFFLOAD_TARGET_NAMES=nvptx-none
OFFLOAD_TARGET_DEFAULT=1
Target: x86_64-amazon-linux
Configured with: ../configure --enable-bootstrap --enable-languages=c,c++,fortran,lto --prefix=/usr --mandir=/usr/share/man --infodir=/usr/share/info --with-bugurl=https://github.com/amazonlinux/amazon-linux-2022 --enable-shared --enable-threads=posix --enable-checking=release --enable-multilib --with-system-zlib --enable-__cxa_atexit --disable-libunwind-exceptions --enable-gnu-unique-object --enable-linker-build-id --with-gcc-major-version-only --with-linker-hash-style=gnu --enable-plugin --enable-initfini-array --with-isl=/builddir/build/BUILD/gcc-11.3.1-20221121/obj-x86_64-amazon-linux/isl-install --enable-offload-targets=nvptx-none --without-cuda-driver --enable-gnu-indirect-function --enable-cet --with-tune=generic --with-arch_64=x86-64-v2 --with-arch_32=x86-64 --build=x86_64-amazon-linux
Thread model: posix
Supported LTO compression algorithms: zlib zstd
gcc version 11.3.1 20221121 (Red Hat 11.3.1-4) (GCC) 
... rest of stderr output deleted ...
configure:2672: $? = 0
configure:2661: cc -V >&5
cc: error: unrecognized command-line option '-V'
cc: fatal error: no input files
compilation terminated.
configure:2672: $? = 1
configure:2661: cc -qversion >&5
cc: error: unrecognized command-line option '-qversion'; did you mean '--version'?
cc: fatal error: no input files
compilation terminated.
configure:2672: $? = 1
configure:2692: checking whether the C compiler works
configure:2714: cc    conftest.c  >&5
configure:2718: $? = 0
configure:2766: result: yes
configure:2769: checking for C compiler default output file name
configure:2771: result: a.out
configure:2777: checking for suffix of executables
configure:2784: cc -o conftest    conftest.c  >&5
configure:2788: $? = 0
configure:2810: result: 
configure:2832: checking whether we are cross compiling
configure:2840: cc -o conftest    conftest.c  >&5
configure:2844: $? = 0
configure:2851: ./conftest
configure:2855: $? = 0
configure:2870: result: no
configure:2875: checking for suffix of object files
configure:2897: cc -c   conftest.c >&5
configure:2901: $? = 0
configure:2922: result: o
configure:2926: checking whether we are using the GNU C compiler
configure:2945: cc -c   conftest.c >&5
configure:2945: $? = 0
configure:2954: result: yes
configure:2963: checking whether cc accepts -g
configure:2983: cc -c -g  conftest.c >&5
configure:2983: $? = 0
configure:3024: result: yes
configure:3041: checking for cc option to accept ISO C89
configure:3104: cc  -c -g -O2  conftest.c >&5
configure:3104: $? = 0
configure:3117: result: none needed
configure:3143: checking how to run the C preprocessor
configure:3174: cc -E  conftest.c
configure:3174: $? = 0
configure:3188: cc -E  conftest.c
conftest.c:9:10: fatal error: ac_nonexistent.h: No such file or directory
    9 | #include <ac_nonexistent.h>
      |          ^~~~~~~~~~~~~~~~~~
compilation terminated.
configure:3188: $? = 1
configure: failed program was:
| /* confdefs.h */
| #define PACKAGE_NAME ""
| #define PACKAGE_TARNAME ""
| #define PACKAGE_VERSION ""
| #define PACKAGE_STRING ""
| #define PACKAGE_BUGREPORT ""
| #define PACKAGE_URL ""
| /* end confdefs.h.  */
| #include <ac_nonexistent.h>
configure:3213: result: cc -E
configure:3233: cc -E  conftest.c
configure:3233: $? = 0
configure:3247: cc -E  conftest.c
conftest.c:9:10: fatal error: ac_nonexistent.h: No such file or directory
    9 | #include <ac_nonexistent.h>
      |          ^~~~~~~~~~~~~~~~~~
compilation terminated.
configure:3247: $? = 1
configure: failed program was:
| /* confdefs.h */
| #define PACKAGE_NAME ""
| #define PACKAGE_TARNAME ""
| #define PACKAGE_VERSION ""
| #define PACKAGE_STRING ""
| #define PACKAGE_BUGREPORT ""
| #define PACKAGE_URL ""
| /* end confdefs.h.  */
| #include <ac_nonexistent.h>
configure:3278: checking for icc
configure:3287: result: no
configure:3301: checking for suncc
configure:3310: result: no
configure:3328: checking for system library directory
configure:3343: result: lib
configure:3350: checking if compiler supports -Wl,-rpath,
configure:3369: cc -o conftest -g -O2   conftest.c -Wl,-rpath,/usr/lib  >&5
configure:3369: $? = 0
configure:3379: result: yes
configure:3429: checking build system type
configure:3443: result: x86_64-pc-linux-gnu
configure:3463: checking host system type
configure:3476: result: x86_64-pc-linux-gnu
configure:3496: checking target system type
configure:3509: result: x86_64-pc-linux-gnu
configure:3612: checking for PHP prefix
configure:3614: result: /usr
configure:3616: checking for PHP includes
configure:3618: result: -I/usr/include/php -I/usr/include/php/main -I/usr/include/php/TSRM -I/usr/include/php/Zend -I/usr/include/php/ext -I/usr/include/php/ext/date/lib
configure:3620: checking for PHP extension directory
configure:3622: result: /usr/lib64/php/modules
configure:3624: checking for PHP installed headers prefix
configure:3626: result: /usr/include/php
configure:3629: checking if debug is enabled
configure:3655: result: no
configure:3658: checking if zts is enabled
configure:3684: result: no
configure:3752: checking for gawk
configure:3769: found /usr/bin/gawk
configure:3780: result: gawk
configure:3824: checking for zip archive read/writesupport
configure:3863: result: yes, shared
configure:3872: checking libzip
configure:3887: result: yes
configure:3896: checking PHP version
configure:3915: result: 8.0
configure:3925: checking for pkg-config
configure:3956: result: /usr/bin/pkg-config
configure:3965: checking for libzip
configure:3985: result: from pkgconfig: version 1.7.3 found in /usr/lib64
configure:4117: checking for zip_open in -lzip
configure:4142: cc -o conftest -g -O2  -Wl,-rpath,/usr/lib64 -L/usr/lib64  conftest.c -lzip   >&5
configure:4142: $? = 0
configure:4151: result: yes
configure:4379: checking for zip_file_set_mtime in -lzip
configure:4404: cc -o conftest -g -O2  -Wl,-rpath,/usr/lib64 -L/usr/lib64  conftest.c -lzip   >&5
configure:4404: $? = 0
configure:4413: result: yes
configure:4545: checking for zip_file_set_encryption in -lzip
configure:4570: cc -o conftest -g -O2  -Wl,-rpath,/usr/lib64 -L/usr/lib64  conftest.c -lzip   >&5
configure:4570: $? = 0
configure:4579: result: yes
configure:4711: checking for zip_libzip_version in -lzip
configure:4736: cc -o conftest -g -O2  -Wl,-rpath,/usr/lib64 -L/usr/lib64  conftest.c -lzip   >&5
configure:4736: $? = 0
configure:4745: result: yes
configure:4875: checking for zip_register_progress_callback_with_state in -lzip
configure:4900: cc -o conftest -g -O2  -Wl,-rpath,/usr/lib64 -L/usr/lib64  conftest.c -lzip   >&5
configure:4900: $? = 0
configure:4909: result: yes
configure:5039: checking for zip_register_cancel_callback_with_state in -lzip
configure:5064: cc -o conftest -g -O2  -Wl,-rpath,/usr/lib64 -L/usr/lib64  conftest.c -lzip   >&5
configure:5064: $? = 0
configure:5073: result: yes
configure:5203: checking for zip_compression_method_supported in -lzip
configure:5228: cc -o conftest -g -O2  -Wl,-rpath,/usr/lib64 -L/usr/lib64  conftest.c -lzip   >&5
configure:5228: $? = 0
configure:5237: result: yes
configure:5630: checking how to print strings
configure:5657: result: printf
configure:5678: checking for a sed that does not truncate output
configure:5742: result: /usr/bin/sed
configure:5760: checking for fgrep
configure:5822: result: /usr/bin/grep -F
configure:5857: checking for ld used by cc
configure:5924: result: /usr/bin/ld
configure:5931: checking if the linker (/usr/bin/ld) is GNU ld
configure:5946: result: yes
configure:5958: checking for BSD- or MS-compatible name lister (nm)
configure:6012: result: /usr/bin/nm -B
configure:6142: checking the name lister (/usr/bin/nm -B) interface
configure:6149: cc -c -g -O2  conftest.c >&5
configure:6152: /usr/bin/nm -B "conftest.o"
configure:6155: output
0000000000000000 B some_variable
configure:6162: result: BSD nm
configure:6165: checking whether ln -s works
configure:6169: result: yes
configure:6177: checking the maximum length of command line arguments
configure:6308: result: 1572864
configure:6356: checking how to convert x86_64-pc-linux-gnu file names to x86_64-pc-linux-gnu format
configure:6396: result: func_convert_file_noop
configure:6403: checking how to convert x86_64-pc-linux-gnu file names to toolchain format
configure:6423: result: func_convert_file_noop
configure:6430: checking for /usr/bin/ld option to reload object files
configure:6437: result: -r
configure:6511: checking for file
configure:6527: found /usr/bin/file
configure:6538: result: file
configure:6609: checking for objdump
configure:6625: found /usr/bin/objdump
configure:6636: result: objdump
configure:6668: checking how to recognize dependent libraries
configure:6868: result: pass_all
configure:6953: checking for dlltool
configure:6983: result: no
configure:7013: checking how to associate runtime and link libraries
configure:7040: result: printf %s\n
configure:7100: checking for ar
configure:7116: found /usr/bin/ar
configure:7127: result: ar
configure:7180: checking for archiver @FILE support
configure:7197: cc -c -g -O2  conftest.c >&5
configure:7197: $? = 0
configure:7200: ar cr libconftest.a @conftest.lst >&5
configure:7203: $? = 0
configure:7208: ar cr libconftest.a @conftest.lst >&5
ar: conftest.o: No such file or directory
configure:7211: $? = 1
configure:7223: result: @
configure:7281: checking for strip
configure:7297: found /usr/bin/strip
configure:7308: result: strip
configure:7380: checking for ranlib
configure:7396: found /usr/bin/ranlib
configure:7407: result: ranlib
configure:7484: checking for gawk
configure:7511: result: gawk
configure:7551: checking command to parse /usr/bin/nm -B output from cc object
configure:7704: cc -c -g -O2  conftest.c >&5
configure:7707: $? = 0
configure:7711: /usr/bin/nm -B conftest.o \| /usr/bin/sed -n -e 's/^.*[ ]\([ABCDGIRSTW][ABCDGIRSTW]*\)[ ][ ]*\([_A-Za-z][_A-Za-z0-9]*\)$/\1 \2 \2/p' | /usr/bin/sed '/ __gnu_lto/d' \> conftest.nm
configure:7714: $? = 0
configure:7780: cc -o conftest -g -O2   conftest.c conftstm.o >&5
configure:7783: $? = 0
configure:7821: result: ok
configure:7868: checking for sysroot
configure:7898: result: no
configure:7905: checking for a working dd
configure:7943: result: /usr/bin/dd
configure:7947: checking how to truncate binary pipes
configure:7962: result: /usr/bin/dd bs=4096 count=1
configure:8098: cc -c -g -O2  conftest.c >&5
configure:8101: $? = 0
configure:8291: checking for mt
configure:8321: result: no
configure:8341: checking if : is a manifest tool
configure:8347: : '-?'
configure:8355: result: no
configure:9022: checking for ANSI C header files
configure:9042: cc -c -g -O2  conftest.c >&5
configure:9042: $? = 0
configure:9115: cc -o conftest -g -O2   conftest.c  >&5
configure:9115: $? = 0
configure:9115: ./conftest
configure:9115: $? = 0
configure:9126: result: yes
configure:9139: checking for sys/types.h
configure:9139: cc -c -g -O2  conftest.c >&5
configure:9139: $? = 0
configure:9139: result: yes
configure:9139: checking for sys/stat.h
configure:9139: cc -c -g -O2  conftest.c >&5
configure:9139: $? = 0
configure:9139: result: yes
configure:9139: checking for stdlib.h
configure:9139: cc -c -g -O2  conftest.c >&5
configure:9139: $? = 0
configure:9139: result: yes
configure:9139: checking for string.h
configure:9139: cc -c -g -O2  conftest.c >&5
configure:9139: $? = 0
configure:9139: result: yes
configure:9139: checking for memory.h
configure:9139: cc -c -g -O2  conftest.c >&5
configure:9139: $? = 0
configure:9139: result: yes
configure:9139: checking for strings.h
configure:9139: cc -c -g -O2  conftest.c >&5
configure:9139: $? = 0
configure:9139: result: yes
configure:9139: checking for inttypes.h
configure:9139: cc -c -g -O2  conftest.c >&5
configure:9139: $? = 0
configure:9139: result: yes
configure:9139: checking for stdint.h
configure:9139: cc -c -g -O2  conftest.c >&5
configure:9139: $? = 0
configure:9139: result: yes
configure:9139: checking for unistd.h
configure:9139: cc -c -g -O2  conftest.c >&5
configure:9139: $? = 0
configure:9139: result: yes
configure:9153: checking for dlfcn.h
configure:9153: cc -c -g -O2  conftest.c >&5
configure:9153: $? = 0
configure:9153: result: yes
configure:9409: checking for objdir
configure:9424: result: .libs
configure:9688: checking if cc supports -fno-rtti -fno-exceptions
configure:9706: cc -c -g -O2  -fno-rtti -fno-exceptions conftest.c >&5
cc1: warning: command-line option '-fno-rtti' is valid for C++/D/ObjC++ but not for C
configure:9710: $? = 0
configure:9723: result: no
configure:10081: checking for cc option to produce PIC
configure:10088: result: -fPIC -DPIC
configure:10096: checking if cc PIC flag -fPIC -DPIC works
configure:10114: cc -c -g -O2  -fPIC -DPIC -DPIC conftest.c >&5
configure:10118: $? = 0
configure:10131: result: yes
configure:10160: checking if cc static flag -static works
configure:10188: result: no
configure:10203: checking if cc supports -c -o file.o
configure:10224: cc -c -g -O2  -o out/conftest2.o conftest.c >&5
configure:10228: $? = 0
configure:10250: result: yes
configure:10258: checking if cc supports -c -o file.o
configure:10305: result: yes
configure:10338: checking whether the cc linker (/usr/bin/ld -m elf_x86_64) supports shared libraries
configure:11599: result: yes
configure:11636: checking whether -lc should be explicitly linked in
configure:11644: cc -c -g -O2  conftest.c >&5
configure:11647: $? = 0
configure:11662: cc -shared  -fPIC -DPIC conftest.o  -v -Wl,-soname -Wl,conftest -o conftest 2\>\&1 \| /usr/bin/grep  -lc  \>/dev/null 2\>\&1
configure:11665: $? = 0
configure:11679: result: no
configure:11839: checking dynamic linker characteristics
configure:12420: cc -o conftest -g -O2   -Wl,-rpath -Wl,/foo conftest.c  >&5
configure:12420: $? = 0
configure:12660: result: GNU/Linux ld.so
configure:12782: checking how to hardcode library paths into programs
configure:12807: result: immediate
configure:13355: checking whether stripping libraries is possible
configure:13364: result: yes
configure:13406: checking if libtool supports shared libraries
configure:13408: result: yes
configure:13411: checking whether to build shared libraries
configure:13436: result: yes
configure:13439: checking whether to build static libraries
configure:13443: result: no
configure:13763: patching config.h.in
configure:13774: creating ./config.status

## ---------------------- ##
## Running config.status. ##
## ---------------------- ##

This file was extended by config.status, which was
generated by GNU Autoconf 2.69.  Invocation command line was

  CONFIG_FILES    = 
  CONFIG_HEADERS  = 
  CONFIG_LINKS    = 
  CONFIG_COMMANDS = 
  $ ./config.status 

on ip-172-31-80-36.ec2.internal

config.status:898: creating config.h
config.status:1002: executing libtool commands

## ---------------- ##
## Cache variables. ##
## ---------------- ##

ac_cv_build=x86_64-pc-linux-gnu
ac_cv_c_compiler_gnu=yes
ac_cv_env_CC_set=
ac_cv_env_CC_value=
ac_cv_env_CFLAGS_set=
ac_cv_env_CFLAGS_value=
ac_cv_env_CPPFLAGS_set=
ac_cv_env_CPPFLAGS_value=
ac_cv_env_CPP_set=
ac_cv_env_CPP_value=
ac_cv_env_LDFLAGS_set=
ac_cv_env_LDFLAGS_value=
ac_cv_env_LIBS_set=
ac_cv_env_LIBS_value=
ac_cv_env_LT_SYS_LIBRARY_PATH_set=
ac_cv_env_LT_SYS_LIBRARY_PATH_value=
ac_cv_env_PKG_CONFIG_LIBDIR_set=
ac_cv_env_PKG_CONFIG_LIBDIR_value=
ac_cv_env_PKG_CONFIG_PATH_set=
ac_cv_env_PKG_CONFIG_PATH_value=
ac_cv_env_PKG_CONFIG_set=
ac_cv_env_PKG_CONFIG_value=
ac_cv_env_build_alias_set=
ac_cv_env_build_alias_value=
ac_cv_env_host_alias_set=
ac_cv_env_host_alias_value=
ac_cv_env_target_alias_set=
ac_cv_env_target_alias_value=
ac_cv_header_dlfcn_h=yes
ac_cv_header_inttypes_h=yes
ac_cv_header_memory_h=yes
ac_cv_header_stdc=yes
ac_cv_header_stdint_h=yes
ac_cv_header_stdlib_h=yes
ac_cv_header_string_h=yes
ac_cv_header_strings_h=yes
ac_cv_header_sys_stat_h=yes
ac_cv_header_sys_types_h=yes
ac_cv_header_unistd_h=yes
ac_cv_host=x86_64-pc-linux-gnu
ac_cv_lib_zip_zip_compression_method_supported=yes
ac_cv_lib_zip_zip_file_set_encryption=yes
ac_cv_lib_zip_zip_file_set_mtime=yes
ac_cv_lib_zip_zip_libzip_version=yes
ac_cv_lib_zip_zip_open=yes
ac_cv_lib_zip_zip_register_cancel_callback_with_state=yes
ac_cv_lib_zip_zip_register_progress_callback_with_state=yes
ac_cv_objext=o
ac_cv_path_EGREP='/usr/bin/grep -E'
ac_cv_path_FGREP='/usr/bin/grep -F'
ac_cv_path_GREP=/usr/bin/grep
ac_cv_path_PKG_CONFIG=/usr/bin/pkg-config
ac_cv_path_SED=/usr/bin/sed
ac_cv_path_ac_pt_PKG_CONFIG=/usr/bin/pkg-config
ac_cv_path_lt_DD=/usr/bin/dd
ac_cv_prog_AWK=gawk
ac_cv_prog_CPP='cc -E'
ac_cv_prog_ac_ct_AR=ar
ac_cv_prog_ac_ct_CC=cc
ac_cv_prog_ac_ct_FILECMD=file
ac_cv_prog_ac_ct_OBJDUMP=objdump
ac_cv_prog_ac_ct_RANLIB=ranlib
ac_cv_prog_ac_ct_STRIP=strip
ac_cv_prog_cc_c89=
ac_cv_prog_cc_g=yes
ac_cv_target=x86_64-pc-linux-gnu
lt_cv_ar_at_file=@
lt_cv_archive_cmds_need_lc=no
lt_cv_deplibs_check_method=pass_all
lt_cv_file_magic_cmd='$MAGIC_CMD'
lt_cv_file_magic_test_file=
lt_cv_ld_reload_flag=-r
lt_cv_nm_interface='BSD nm'
lt_cv_objdir=.libs
lt_cv_path_LD=/usr/bin/ld
lt_cv_path_NM='/usr/bin/nm -B'
lt_cv_path_mainfest_tool=no
lt_cv_prog_compiler_c_o=yes
lt_cv_prog_compiler_pic='-fPIC -DPIC'
lt_cv_prog_compiler_pic_works=yes
lt_cv_prog_compiler_rtti_exceptions=no
lt_cv_prog_compiler_static_works=no
lt_cv_prog_gnu_ld=yes
lt_cv_sharedlib_from_linklib_cmd='printf %s\n'
lt_cv_shlibpath_overrides_runpath=yes
lt_cv_sys_global_symbol_pipe='/usr/bin/sed -n -e '\''s/^.*[	 ]\([ABCDGIRSTW][ABCDGIRSTW]*\)[	 ][	 ]*\([_A-Za-z][_A-Za-z0-9]*\)$/\1 \2 \2/p'\'' | /usr/bin/sed '\''/ __gnu_lto/d'\'''
lt_cv_sys_global_symbol_to_c_name_address='/usr/bin/sed -n -e '\''s/^: \(.*\) .*$/  {"\1", (void *) 0},/p'\'' -e '\''s/^[ABCDGIRSTW][ABCDGIRSTW]* .* \(.*\)$/  {"\1", (void *) \&\1},/p'\'''
lt_cv_sys_global_symbol_to_c_name_address_lib_prefix='/usr/bin/sed -n -e '\''s/^: \(.*\) .*$/  {"\1", (void *) 0},/p'\'' -e '\''s/^[ABCDGIRSTW][ABCDGIRSTW]* .* \(lib.*\)$/  {"\1", (void *) \&\1},/p'\'' -e '\''s/^[ABCDGIRSTW][ABCDGIRSTW]* .* \(.*\)$/  {"lib\1", (void *) \&\1},/p'\'''
lt_cv_sys_global_symbol_to_cdecl='/usr/bin/sed -n -e '\''s/^T .* \(.*\)$/extern int \1();/p'\'' -e '\''s/^[ABCDGIRSTW][ABCDGIRSTW]* .* \(.*\)$/extern char \1;/p'\'''
lt_cv_sys_global_symbol_to_import=
lt_cv_sys_max_cmd_len=1572864
lt_cv_to_host_file_cmd=func_convert_file_noop
lt_cv_to_tool_file_cmd=func_convert_file_noop
lt_cv_truncate_bin='/usr/bin/dd bs=4096 count=1'
php_cv_cc_rpath=yes

## ----------------- ##
## Output variables. ##
## ----------------- ##

AR='ar'
AWK='gawk'
BUILD_CC='cc'
CC='cc'
CFLAGS='-g -O2'
CONFIGURE_COMMAND=' '\''./configure'\'' '
CONFIGURE_OPTIONS=''
CPP='cc -E'
CPPFLAGS=' -DHAVE_CONFIG_H'
DEFS='-DHAVE_CONFIG_H'
DLLTOOL='false'
DSYMUTIL=''
DUMPBIN=''
ECHO_C=''
ECHO_N='-n'
ECHO_T=''
EGREP='/usr/bin/grep -E'
EXEEXT=''
FGREP='/usr/bin/grep -F'
FILECMD='file'
GREP='/usr/bin/grep'
LD='/usr/bin/ld -m elf_x86_64'
LDFLAGS=''
LIBOBJS=''
LIBS=''
LIBTOOL='$(SHELL) $(top_builddir)/libtool'
LIPO=''
LN_S='ln -s'
LTLIBOBJS=''
LT_SYS_LIBRARY_PATH=''
MANIFEST_TOOL=':'
NM='/usr/bin/nm -B'
NMEDIT=''
OBJDUMP='objdump'
OBJEXT='o'
OTOOL64=''
OTOOL=''
PACKAGE_BUGREPORT=''
PACKAGE_NAME=''
PACKAGE_STRING=''
PACKAGE_TARNAME=''
PACKAGE_URL=''
PACKAGE_VERSION=''
PATH_SEPARATOR=':'
PKG_CONFIG='/usr/bin/pkg-config'
PKG_CONFIG_LIBDIR=''
PKG_CONFIG_PATH=''
RANLIB='ranlib'
SED='/usr/bin/sed'
SHELL='/bin/sh'
SHLIB_DL_SUFFIX_NAME='so'
SHLIB_SUFFIX_NAME='so'
STRIP='strip'
ac_ct_AR='ar'
ac_ct_CC='cc'
ac_ct_DUMPBIN=''
bindir='${exec_prefix}/bin'
build='x86_64-pc-linux-gnu'
build_alias=''
build_cpu='x86_64'
build_os='linux-gnu'
build_vendor='pc'
datadir='${datarootdir}'
datarootdir='${prefix}/share'
docdir='${datarootdir}/doc/${PACKAGE}'
dvidir='${docdir}'
exec_prefix='$(prefix)'
host='x86_64-pc-linux-gnu'
host_alias='x86_64-pc-linux-gnu'
host_cpu='x86_64'
host_os='linux-gnu'
host_vendor='pc'
htmldir='${docdir}'
includedir='${prefix}/include'
infodir='${datarootdir}/info'
libdir='${exec_prefix}/lib'
libexecdir='${exec_prefix}/libexec'
localedir='${datarootdir}/locale'
localstatedir='${prefix}/var'
mandir='${datarootdir}/man'
oldincludedir='/usr/include'
pdfdir='${docdir}'
prefix='/usr'
program_transform_name='s,x,x,'
psdir='${docdir}'
runstatedir='${localstatedir}/run'
sbindir='${exec_prefix}/sbin'
sharedstatedir='${prefix}/com'
sysconfdir='${prefix}/etc'
target='x86_64-pc-linux-gnu'
target_alias=''
target_cpu='x86_64'
target_os='linux-gnu'
target_vendor='pc'

## ----------- ##
## confdefs.h. ##
## ----------- ##

/* confdefs.h */
#define PACKAGE_NAME ""
#define PACKAGE_TARNAME ""
#define PACKAGE_VERSION ""
#define PACKAGE_STRING ""
#define PACKAGE_BUGREPORT ""
#define PACKAGE_URL ""
#define HAVE_LIBZIP 1
#define HAVE_SET_MTIME 1
#define HAVE_ENCRYPTION 1
#define HAVE_LIBZIP_VERSION 1
#define HAVE_PROGRESS_CALLBACK 1
#define HAVE_CANCEL_CALLBACK 1
#define HAVE_METHOD_SUPPORTED 1
#define HAVE_ZIP 1
#define COMPILE_DL_ZIP 1
#define STDC_HEADERS 1
#define HAVE_SYS_TYPES_H 1
#define HAVE_SYS_STAT_H 1
#define HAVE_STDLIB_H 1
#define HAVE_STRING_H 1
#define HAVE_MEMORY_H 1
#define HAVE_STRINGS_H 1
#define HAVE_INTTYPES_H 1
#define HAVE_STDINT_H 1
#define HAVE_UNISTD_H 1
#define HAVE_DLFCN_H 1
#define LT_OBJDIR ".libs/"

configure: exit 0
